# JRE version: OpenJDK Runtime Environment (8.0_202-b03) (build 1.8.0_202-release-1483-b03)
# Java VM: OpenJDK 64-Bit Server VM (25.202-b03 mixed mode windows-amd64 compressed oops)
Heap:
 PSYoungGen      total 431104K, used 14025K [0x00000000e0000000, 0x00000000ff480000, 0x0000000100000000)
  eden space 361984K, 1% used [0x00000000e0000000,0x00000000e0624348,0x00000000f6180000)
  from space 69120K, 11% used [0x00000000fb100000,0x00000000fb88e4a0,0x00000000ff480000)
  to   space 73216K, 0% used [0x00000000f6180000,0x00000000f6180000,0x00000000fa900000)
 ParOldGen       total 289280K, used 246056K [0x00000000a0000000, 0x00000000b1a80000, 0x00000000e0000000)
  object space 289280K, 85% used [0x00000000a0000000,0x00000000af04a3b8,0x00000000b1a80000)
 Metaspace       used 144382K, capacity 150420K, committed 159000K, reserved 1187840K
  class space    used 18089K, capacity 19232K, committed 21544K, reserved 1048576K
GC Heap History (10 events):
Event: 16459.338 GC heap before
{Heap before GC invocations=69 (full 6):
 PSYoungGen      total 424448K, used 341119K [0x00000000e0000000, 0x00000000ff580000, 0x0000000100000000)
  eden space 332800K, 100% used [0x00000000e0000000,0x00000000f4500000,0x00000000f4500000)
  from space 91648K, 9% used [0x00000000f9c00000,0x00000000fa41fc80,0x00000000ff580000)
  to   space 89088K, 0% used [0x00000000f4500000,0x00000000f4500000,0x00000000f9c00000)
 ParOldGen       total 289280K, used 206465K [0x00000000a0000000, 0x00000000b1a80000, 0x00000000e0000000)
  object space 289280K, 71% used [0x00000000a0000000,0x00000000ac9a0510,0x00000000b1a80000)
 Metaspace       used 144288K, capacity 150280K, committed 159000K, reserved 1187840K
  class space    used 18084K, capacity 19230K, committed 21544K, reserved 1048576K
Event: 16459.361 GC heap after
Heap after GC invocations=69 (full 6):
 PSYoungGen      total 421888K, used 9452K [0x00000000e0000000, 0x00000000ff580000, 0x0000000100000000)
  eden space 332800K, 0% used [0x00000000e0000000,0x00000000e0000000,0x00000000f4500000)
  from space 89088K, 10% used [0x00000000f4500000,0x00000000f4e3b108,0x00000000f9c00000)
  to   space 84992K, 0% used [0x00000000fa280000,0x00000000fa280000,0x00000000ff580000)
 ParOldGen       total 289280K, used 212140K [0x00000000a0000000, 0x00000000b1a80000, 0x00000000e0000000)
  object space 289280K, 73% used [0x00000000a0000000,0x00000000acf2b068,0x00000000b1a80000)
 Metaspace       used 144288K, capacity 150280K, committed 159000K, reserved 1187840K
  class space    used 18084K, capacity 19230K, committed 21544K, reserved 1048576K
}
Event: 16459.936 GC heap before
{Heap before GC invocations=70 (full 6):
 PSYoungGen      total 421888K, used 342252K [0x00000000e0000000, 0x00000000ff580000, 0x0000000100000000)
  eden space 332800K, 100% used [0x00000000e0000000,0x00000000f4500000,0x00000000f4500000)
  from space 89088K, 10% used [0x00000000f4500000,0x00000000f4e3b108,0x00000000f9c00000)
  to   space 84992K, 0% used [0x00000000fa280000,0x00000000fa280000,0x00000000ff580000)
 ParOldGen       total 289280K, used 212140K [0x00000000a0000000, 0x00000000b1a80000, 0x00000000e0000000)
  object space 289280K, 73% used [0x00000000a0000000,0x00000000acf2b068,0x00000000b1a80000)
 Metaspace       used 144295K, capacity 150280K, committed 159000K, reserved 1187840K
  class space    used 18085K, capacity 19230K, committed 21544K, reserved 1048576K
Event: 16459.958 GC heap after
Heap after GC invocations=70 (full 6):
 PSYoungGen      total 431616K, used 5972K [0x00000000e0000000, 0x00000000ff500000, 0x0000000100000000)
  eden space 347136K, 0% used [0x00000000e0000000,0x00000000e0000000,0x00000000f5300000)
  from space 84480K, 7% used [0x00000000fa280000,0x00000000fa855150,0x00000000ff500000)
  to   space 81408K, 0% used [0x00000000f5300000,0x00000000f5300000,0x00000000fa280000)
 ParOldGen       total 289280K, used 219278K [0x00000000a0000000, 0x00000000b1a80000, 0x00000000e0000000)
  object space 289280K, 75% used [0x00000000a0000000,0x00000000ad623bd8,0x00000000b1a80000)
 Metaspace       used 144295K, capacity 150280K, committed 159000K, reserved 1187840K
  class space    used 18085K, capacity 19230K, committed 21544K, reserved 1048576K
}
Event: 16460.429 GC heap before
{Heap before GC invocations=71 (full 6):
 PSYoungGen      total 431616K, used 353108K [0x00000000e0000000, 0x00000000ff500000, 0x0000000100000000)
  eden space 347136K, 100% used [0x00000000e0000000,0x00000000f5300000,0x00000000f5300000)
  from space 84480K, 7% used [0x00000000fa280000,0x00000000fa855150,0x00000000ff500000)
  to   space 81408K, 0% used [0x00000000f5300000,0x00000000f5300000,0x00000000fa280000)
 ParOldGen       total 289280K, used 219278K [0x00000000a0000000, 0x00000000b1a80000, 0x00000000e0000000)
  object space 289280K, 75% used [0x00000000a0000000,0x00000000ad623bd8,0x00000000b1a80000)
 Metaspace       used 144309K, capacity 150344K, committed 159000K, reserved 1187840K
  class space    used 18085K, capacity 19230K, committed 21544K, reserved 1048576K
Event: 16460.444 GC heap after
Heap after GC invocations=71 (full 6):
 PSYoungGen      total 428544K, used 10897K [0x00000000e0000000, 0x00000000ff400000, 0x0000000100000000)
  eden space 347136K, 0% used [0x00000000e0000000,0x00000000e0000000,0x00000000f5300000)
  from space 81408K, 13% used [0x00000000f5300000,0x00000000f5da46c0,0x00000000fa280000)
  to   space 76800K, 0% used [0x00000000fa900000,0x00000000fa900000,0x00000000ff400000)
 ParOldGen       total 289280K, used 224289K [0x00000000a0000000, 0x00000000b1a80000, 0x00000000e0000000)
  object space 289280K, 77% used [0x00000000a0000000,0x00000000adb085d8,0x00000000b1a80000)
 Metaspace       used 144309K, capacity 150344K, committed 159000K, reserved 1187840K
  class space    used 18085K, capacity 19230K, committed 21544K, reserved 1048576K
}
Event: 16460.880 GC heap before
{Heap before GC invocations=72 (full 6):
 PSYoungGen      total 428544K, used 358033K [0x00000000e0000000, 0x00000000ff400000, 0x0000000100000000)
  eden space 347136K, 100% used [0x00000000e0000000,0x00000000f5300000,0x00000000f5300000)
  from space 81408K, 13% used [0x00000000f5300000,0x00000000f5da46c0,0x00000000fa280000)
  to   space 76800K, 0% used [0x00000000fa900000,0x00000000fa900000,0x00000000ff400000)
 ParOldGen       total 289280K, used 224289K [0x00000000a0000000, 0x00000000b1a80000, 0x00000000e0000000)
  object space 289280K, 77% used [0x00000000a0000000,0x00000000adb085d8,0x00000000b1a80000)
 Metaspace       used 144316K, capacity 150344K, committed 159000K, reserved 1187840K
  class space    used 18085K, capacity 19230K, committed 21544K, reserved 1048576K
Event: 16460.901 GC heap after
Heap after GC invocations=72 (full 6):
 PSYoungGen      total 438784K, used 7731K [0x00000000e0000000, 0x00000000ff480000, 0x0000000100000000)
  eden space 361984K, 0% used [0x00000000e0000000,0x00000000e0000000,0x00000000f6180000)
  from space 76800K, 10% used [0x00000000fa900000,0x00000000fb08cc18,0x00000000ff400000)
  to   space 73216K, 0% used [0x00000000f6180000,0x00000000f6180000,0x00000000fa900000)
 ParOldGen       total 289280K, used 231884K [0x00000000a0000000, 0x00000000b1a80000, 0x00000000e0000000)
  object space 289280K, 80% used [0x00000000a0000000,0x00000000ae273138,0x00000000b1a80000)
 Metaspace       used 144316K, capacity 150344K, committed 159000K, reserved 1187840K
  class space    used 18085K, capacity 19230K, committed 21544K, reserved 1048576K
}
Event: 16461.463 GC heap before
{Heap before GC invocations=73 (full 6):
 PSYoungGen      total 438784K, used 369715K [0x00000000e0000000, 0x00000000ff480000, 0x0000000100000000)
  eden space 361984K, 100% used [0x00000000e0000000,0x00000000f6180000,0x00000000f6180000)
  from space 76800K, 10% used [0x00000000fa900000,0x00000000fb08cc18,0x00000000ff400000)
  to   space 73216K, 0% used [0x00000000f6180000,0x00000000f6180000,0x00000000fa900000)
 ParOldGen       total 289280K, used 231884K [0x00000000a0000000, 0x00000000b1a80000, 0x00000000e0000000)
  object space 289280K, 80% used [0x00000000a0000000,0x00000000ae273138,0x00000000b1a80000)
 Metaspace       used 144363K, capacity 150344K, committed 159000K, reserved 1187840K
  class space    used 18088K, capacity 19230K, committed 21544K, reserved 1048576K
Event: 16461.482 GC heap after
Heap after GC invocations=73 (full 6):
 PSYoungGen      total 435200K, used 10984K [0x00000000e0000000, 0x00000000ff480000, 0x0000000100000000)
  eden space 361984K, 0% used [0x00000000e0000000,0x00000000e0000000,0x00000000f6180000)
  from space 73216K, 15% used [0x00000000f6180000,0x00000000f6c3a040,0x00000000fa900000)
  to   space 69120K, 0% used [0x00000000fb100000,0x00000000fb100000,0x00000000ff480000)
 ParOldGen       total 289280K, used 238335K [0x00000000a0000000, 0x00000000b1a80000, 0x00000000e0000000)
  object space 289280K, 82% used [0x00000000a0000000,0x00000000ae8bfc90,0x00000000b1a80000)
 Metaspace       used 144363K, capacity 150344K, committed 159000K, reserved 1187840K
  class space    used 18088K, capacity 19230K, committed 21544K, reserved 1048576K
}

